#
# There is insufficient memory for the Java Runtime Environment to continue.
# Native memory allocation (malloc) failed to allocate 1243056 bytes for Chunk::new
# Possible reasons:
#   The system is out of physical RAM or swap space
#   The process is running with CompressedOops enabled, and the Java Heap may be blocking the growth of the native heap
# Possible solutions:
#   Reduce memory load on the system
#   Increase physical memory or swap space
#   Check if swap backing store is full
#   Decrease Java heap size (-Xmx/-Xms)
#   Decrease number of Java threads
#   Decrease Java thread stack sizes (-Xss)
#   Set larger code cache with -XX:ReservedCodeCacheSize=
#   JVM is running with Unscaled Compressed Oops mode in which the Java heap is
#     placed in the first 4GB address space. The Java Heap base address is the
#     maximum limit for the native heap growth. Please use -XX:HeapBaseMinAddress
#     to set the Java Heap base and to place the Java Heap above 4GB virtual address.
# This output file may be truncated or incomplete.
#
#  Out of Memory Error (allocation.cpp:389), pid=25704, tid=0x00000000000093f8
#
# JRE version: OpenJDK Runtime Environment (8.0_242-b01) (build 1.8.0_242-release-1644-b01)
# Java VM: OpenJDK 64-Bit Server VM (25.242-b01 mixed mode windows-amd64 compressed oops)
# Failed to write core dump. Minidumps are not enabled by default on client versions of Windows
#

---------------  T H R E A D  ---------------

Current thread (0x0000000019b79000):  JavaThread "C2 CompilerThread2" daemon [_thread_in_native, id=37880, stack(0x000000001a640000,0x000000001a740000)]

Stack: [0x000000001a640000,0x000000001a740000]
[error occurred during error reporting (printing stack bounds), id 0xc0000005]

Native frames: (J=compiled Java code, j=interpreted, Vv=VM code, C=native code)


Current CompileTask:
C2:10728164 26543       4       com.android.tools.r8.s.b.q1::a (56 bytes)


---------------  P R O C E S S  ---------------

Java Threads: ( => current thread )
  0x000000002def0800 JavaThread "WorkerExecutor Queue Thread 9" [_thread_blocked, id=34840, stack(0x0000000036640000,0x0000000036740000)]
  0x000000002deec000 JavaThread "WorkerExecutor Queue Thread 8" [_thread_blocked, id=32036, stack(0x00000000362b0000,0x00000000363b0000)]
  0x000000002def1800 JavaThread "WorkerExecutor Queue Thread 7" [_thread_blocked, id=33488, stack(0x00000000361b0000,0x00000000362b0000)]
  0x000000002deed800 JavaThread "WorkerExecutor Queue Thread 6" [_thread_blocked, id=35016, stack(0x00000000358b0000,0x00000000359b0000)]
  0x000000002dee4800 JavaThread "ForkJoinPool.commonPool-worker-6" daemon [_thread_blocked, id=5768, stack(0x00000000357b0000,0x00000000358b0000)]
  0x000000002dee3800 JavaThread "ForkJoinPool.commonPool-worker-5" daemon [_thread_blocked, id=30620, stack(0x00000000356b0000,0x00000000357b0000)]
  0x000000002dee9000 JavaThread "ForkJoinPool.commonPool-worker-3" daemon [_thread_blocked, id=3716, stack(0x0000000034d90000,0x0000000034e90000)]
  0x000000002dee8000 JavaThread "ForkJoinPool.commonPool-worker-2" daemon [_thread_blocked, id=616, stack(0x0000000034c90000,0x0000000034d90000)]
  0x000000002dee9800 JavaThread "ForkJoinPool.commonPool-worker-1" daemon [_thread_blocked, id=36924, stack(0x0000000034b90000,0x0000000034c90000)]
  0x000000002dee6800 JavaThread "WorkerExecutor Queue Thread 5" [_thread_blocked, id=1072, stack(0x0000000034990000,0x0000000034a90000)]
  0x000000002dee5000 JavaThread "WorkerExecutor Queue Thread 4" [_thread_blocked, id=34336, stack(0x0000000034890000,0x0000000034990000)]
  0x000000002dedc000 JavaThread "Cache worker for Java compile cache (C:\Users\Naman\AndroidStudioProjects\RetRoFiT\.gradle\6.5\javaCompile)" [_thread_blocked, id=8116, stack(0x0000000034790000,0x0000000034890000)]
  0x000000002dede800 JavaThread "RMI TCP Connection(15)-127.0.0.1" daemon [_thread_in_native, id=24856, stack(0x0000000034690000,0x0000000034790000)]
  0x000000002dee2000 JavaThread "RMI Reaper" [_thread_blocked, id=37036, stack(0x0000000034590000,0x0000000034690000)]
  0x000000002dee0000 JavaThread "GC Daemon" daemon [_thread_blocked, id=27396, stack(0x00000000342d0000,0x00000000343d0000)]
  0x000000002dedd800 JavaThread "RMI RenewClean-[127.0.0.1:17692,org.jetbrains.kotlin.daemon.common.LoopbackNetworkInterface$ClientLoopbackSocketFactory@b535cd3]" daemon [_thread_blocked, id=38944, stack(0x00000000341d0000,0x00000000342d0000)]
  0x000000002dee3000 JavaThread "stdout" [_thread_in_native, id=38276, stack(0x0000000033fb0000,0x00000000340b0000)]
  0x000000002dedb800 JavaThread "stderr" [_thread_in_native, id=35508, stack(0x0000000033eb0000,0x0000000033fb0000)]
  0x000000002dee1800 JavaThread "pool-15-thread-1" [_thread_blocked, id=40104, stack(0x0000000034490000,0x0000000034590000)]
  0x000000002dedd000 JavaThread "WorkerExecutor Queue Thread 3" [_thread_blocked, id=39644, stack(0x00000000340d0000,0x00000000341d0000)]
  0x000000002dedf000 JavaThread "WorkerExecutor Queue" [_thread_blocked, id=40400, stack(0x0000000033db0000,0x0000000033eb0000)]
  0x000000001c926000 JavaThread "Cache worker for execution history cache (C:\Users\Naman\AndroidStudioProjects\RetRoFiT\.gradle\6.5\executionHistory)" [_thread_blocked, id=34352, stack(0x00000000338b0000,0x00000000339b0000)]
  0x000000001c923000 JavaThread "Execution worker for ':' Thread 7" [_thread_blocked, id=32888, stack(0x00000000337b0000,0x00000000338b0000)]
  0x000000001c927800 JavaThread "Execution worker for ':' Thread 6" [_thread_blocked, id=39788, stack(0x00000000336b0000,0x00000000337b0000)]
  0x000000001c922000 JavaThread "Execution worker for ':' Thread 5" [_thread_blocked, id=23272, stack(0x00000000335b0000,0x00000000336b0000)]
  0x000000001c926800 JavaThread "Execution worker for ':' Thread 4" [_thread_blocked, id=37496, stack(0x0000000032eb0000,0x0000000032fb0000)]
  0x000000001c921800 JavaThread "Execution worker for ':' Thread 3" [_thread_blocked, id=31044, stack(0x0000000032b60000,0x0000000032c60000)]
  0x000000001c920800 JavaThread "Execution worker for ':' Thread 2" [_thread_blocked, id=38128, stack(0x00000000327b0000,0x00000000328b0000)]
  0x000000001c925000 JavaThread "Execution worker for ':'" [_thread_blocked, id=39204, stack(0x00000000326b0000,0x00000000327b0000)]
  0x000000001baf1800 JavaThread "Cache worker for file content cache (C:\Users\Naman\AndroidStudioProjects\RetRoFiT\.gradle\6.5\fileContent)" [_thread_blocked, id=39680, stack(0x000000002f9d0000,0x000000002fad0000)]
  0x000000001baf0000 JavaThread "pool-12-thread-1" [_thread_blocked, id=35024, stack(0x000000002eb80000,0x000000002ec80000)]
  0x000000001baeb800 JavaThread "Cache worker for Build Output Cleanup Cache (C:\Users\Naman\AndroidStudioProjects\RetRoFiT\.gradle\buildOutputCleanup)" [_thread_blocked, id=35864, stack(0x000000002c8b0000,0x000000002c9b0000)]
  0x000000001baef800 JavaThread "jar transforms Thread 456" [_thread_blocked, id=5588, stack(0x000000002c5b0000,0x000000002c6b0000)]
  0x000000001baee800 JavaThread "jar transforms Thread 455" [_thread_blocked, id=18784, stack(0x000000002c4b0000,0x000000002c5b0000)]
  0x000000001baee000 JavaThread "jar transforms Thread 454" [_thread_blocked, id=30804, stack(0x000000002c3b0000,0x000000002c4b0000)]
  0x000000001baec800 JavaThread "jar transforms Thread 453" [_thread_blocked, id=38032, stack(0x000000002c2b0000,0x000000002c3b0000)]
  0x000000001baf1000 JavaThread "jar transforms Thread 452" [_thread_blocked, id=28348, stack(0x000000002c1b0000,0x000000002c2b0000)]
  0x000000001baf2800 JavaThread "jar transforms Thread 451" [_thread_blocked, id=34400, stack(0x000000002c0b0000,0x000000002c1b0000)]
  0x0000000021767800 JavaThread "jar transforms Thread 450" [_thread_blocked, id=24672, stack(0x000000002bfb0000,0x000000002c0b0000)]
  0x0000000021766800 JavaThread "jar transforms Thread 449" [_thread_blocked, id=37528, stack(0x000000002beb0000,0x000000002bfb0000)]
  0x0000000021766000 JavaThread "jar transforms Thread 448" [_thread_blocked, id=13532, stack(0x000000002bdb0000,0x000000002beb0000)]
  0x000000002175e800 JavaThread "jar transforms Thread 447" [_thread_blocked, id=26740, stack(0x000000002bcb0000,0x000000002bdb0000)]
  0x0000000021764800 JavaThread "jar transforms Thread 446" [_thread_blocked, id=13064, stack(0x000000002bbb0000,0x000000002bcb0000)]
  0x0000000021763800 JavaThread "jar transforms Thread 445" [_thread_blocked, id=39868, stack(0x000000002b9b0000,0x000000002bab0000)]
  0x0000000021760800 JavaThread "jar transforms Thread 444" [_thread_blocked, id=24584, stack(0x000000002b8b0000,0x000000002b9b0000)]
  0x0000000021765000 JavaThread "jar transforms Thread 443" [_thread_blocked, id=29512, stack(0x000000002b7b0000,0x000000002b8b0000)]
  0x000000002175d000 JavaThread "jar transforms Thread 442" [_thread_blocked, id=16512, stack(0x000000002b6b0000,0x000000002b7b0000)]
  0x0000000021761800 JavaThread "jar transforms Thread 441" [_thread_blocked, id=32640, stack(0x000000002b5b0000,0x000000002b6b0000)]
  0x000000002175a000 JavaThread "jar transforms Thread 440" [_thread_blocked, id=40900, stack(0x000000002b4b0000,0x000000002b5b0000)]
  0x0000000021760000 JavaThread "jar transforms Thread 439" [_thread_blocked, id=13560, stack(0x000000002b3b0000,0x000000002b4b0000)]
  0x0000000021759000 JavaThread "jar transforms Thread 438" [_thread_blocked, id=14272, stack(0x000000002b2b0000,0x000000002b3b0000)]
  0x000000002175c000 JavaThread "jar transforms Thread 437" [_thread_blocked, id=38312, stack(0x000000002b1b0000,0x000000002b2b0000)]
  0x0000000021758800 JavaThread "jar transforms Thread 436" [_thread_blocked, id=32260, stack(0x000000002b0b0000,0x000000002b1b0000)]
  0x000000001ff45800 JavaThread "jar transforms Thread 435" [_thread_blocked, id=39276, stack(0x000000002afb0000,0x000000002b0b0000)]
  0x000000001ff44800 JavaThread "jar transforms Thread 434" [_thread_blocked, id=27404, stack(0x000000002aeb0000,0x000000002afb0000)]
  0x000000001ff46000 JavaThread "jar transforms Thread 433" [_thread_blocked, id=40112, stack(0x000000002adb0000,0x000000002aeb0000)]
  0x000000001ff4b000 JavaThread "jar transforms Thread 432" [_thread_blocked, id=36280, stack(0x000000002acb0000,0x000000002adb0000)]
  0x000000001ff44000 JavaThread "jar transforms Thread 431" [_thread_blocked, id=8380, stack(0x000000002abb0000,0x000000002acb0000)]
  0x000000001ff43000 JavaThread "jar transforms Thread 430" [_thread_blocked, id=34160, stack(0x000000002aab0000,0x000000002abb0000)]
  0x000000001ff4a000 JavaThread "jar transforms Thread 429" [_thread_blocked, id=28840, stack(0x000000002a9b0000,0x000000002aab0000)]
  0x000000001ff48800 JavaThread "jar transforms Thread 428" [_thread_blocked, id=34284, stack(0x000000002a8b0000,0x000000002a9b0000)]
  0x000000001ff47800 JavaThread "jar transforms Thread 427" [_thread_blocked, id=37008, stack(0x000000002a7b0000,0x000000002a8b0000)]
  0x000000001ff3b800 JavaThread "jar transforms Thread 426" [_thread_blocked, id=7256, stack(0x000000002a6b0000,0x000000002a7b0000)]
  0x000000001ff41000 JavaThread "jar transforms Thread 425" [_thread_blocked, id=33272, stack(0x000000002a5b0000,0x000000002a6b0000)]
  0x000000001ff3f800 JavaThread "jar transforms Thread 424" [_thread_blocked, id=40408, stack(0x000000002a4b0000,0x000000002a5b0000)]
  0x000000001ff3e800 JavaThread "jar transforms Thread 423" [_thread_blocked, id=28220, stack(0x000000002a3b0000,0x000000002a4b0000)]
  0x000000001ff3c800 JavaThread "jar transforms Thread 422" [_thread_blocked, id=28344, stack(0x000000002a2b0000,0x000000002a3b0000)]
  0x000000001ff42800 JavaThread "jar transforms Thread 421" [_thread_blocked, id=21996, stack(0x000000002a1b0000,0x000000002a2b0000)]
  0x000000001ff3e000 JavaThread "jar transforms Thread 420" [_thread_blocked, id=33472, stack(0x000000002a0b0000,0x000000002a1b0000)]
  0x0000000024c8d800 JavaThread "jar transforms Thread 419" [_thread_blocked, id=37928, stack(0x0000000029fb0000,0x000000002a0b0000)]
  0x0000000024c93800 JavaThread "jar transforms Thread 418" [_thread_blocked, id=35636, stack(0x0000000029eb0000,0x0000000029fb0000)]
  0x0000000024c92000 JavaThread "jar transforms Thread 417" [_thread_blocked, id=35884, stack(0x0000000029db0000,0x0000000029eb0000)]
  0x0000000024c90800 JavaThread "jar transforms Thread 416" [_thread_blocked, id=16712, stack(0x0000000029cb0000,0x0000000029db0000)]
  0x0000000024c93000 JavaThread "jar transforms Thread 415" [_thread_blocked, id=32880, stack(0x0000000029bb0000,0x0000000029cb0000)]
  0x0000000024c94800 JavaThread "jar transforms Thread 414" [_thread_blocked, id=38188, stack(0x0000000029ab0000,0x0000000029bb0000)]
  0x0000000024c90000 JavaThread "jar transforms Thread 413" [_thread_blocked, id=19876, stack(0x00000000299b0000,0x0000000029ab0000)]
  0x0000000024c91800 JavaThread "jar transforms Thread 412" [_thread_blocked, id=2484, stack(0x00000000298b0000,0x00000000299b0000)]
  0x0000000024c86000 JavaThread "jar transforms Thread 411" [_thread_blocked, id=1084, stack(0x00000000297b0000,0x00000000298b0000)]
  0x0000000024c89000 JavaThread "jar transforms Thread 410" [_thread_blocked, id=30760, stack(0x00000000296b0000,0x00000000297b0000)]
  0x0000000024c8d000 JavaThread "jar transforms Thread 409" [_thread_blocked, id=39596, stack(0x00000000295b0000,0x00000000296b0000)]
  0x0000000024c87800 JavaThread "jar transforms Thread 408" [_thread_blocked, id=40936, stack(0x00000000294b0000,0x00000000295b0000)]
  0x0000000024c8a800 JavaThread "jar transforms Thread 407" [_thread_blocked, id=38924, stack(0x00000000293b0000,0x00000000294b0000)]
  0x0000000024c87000 JavaThread "jar transforms Thread 406" [_thread_blocked, id=33764, stack(0x00000000292b0000,0x00000000293b0000)]
  0x0000000024c88800 JavaThread "jar transforms Thread 405" [_thread_blocked, id=40316, stack(0x00000000291b0000,0x00000000292b0000)]
  0x0000000024c8a000 JavaThread "jar transforms Thread 404" [_thread_blocked, id=26924, stack(0x00000000290b0000,0x00000000291b0000)]
  0x0000000021719000 JavaThread "jar transforms Thread 403" [_thread_blocked, id=39884, stack(0x0000000028fb0000,0x00000000290b0000)]
  0x0000000021717800 JavaThread "jar transforms Thread 402" [_thread_blocked, id=21812, stack(0x0000000028eb0000,0x0000000028fb0000)]
  0x0000000021717000 JavaThread "jar transforms Thread 401" [_thread_blocked, id=39804, stack(0x0000000028db0000,0x0000000028eb0000)]
  0x000000002171c000 JavaThread "jar transforms Thread 400" [_thread_blocked, id=28716, stack(0x0000000028cb0000,0x0000000028db0000)]
  0x000000002171b800 JavaThread "jar transforms Thread 399" [_thread_blocked, id=32348, stack(0x0000000028bb0000,0x0000000028cb0000)]
  0x0000000021718800 JavaThread "jar transforms Thread 398" [_thread_blocked, id=29820, stack(0x0000000028ab0000,0x0000000028bb0000)]
  0x0000000021714800 JavaThread "jar transforms Thread 397" [_thread_blocked, id=36480, stack(0x00000000289b0000,0x0000000028ab0000)]
  0x000000002170e000 JavaThread "jar transforms Thread 396" [_thread_blocked, id=37076, stack(0x00000000288b0000,0x00000000289b0000)]
  0x000000002170e800 JavaThread "jar transforms Thread 395" [_thread_blocked, id=38364, stack(0x00000000287b0000,0x00000000288b0000)]
  0x000000002170d000 JavaThread "jar transforms Thread 394" [_thread_blocked, id=34988, stack(0x00000000286b0000,0x00000000287b0000)]
  0x0000000021714000 JavaThread "jar transforms Thread 393" [_thread_blocked, id=35340, stack(0x00000000285b0000,0x00000000286b0000)]
  0x0000000021711800 JavaThread "jar transforms Thread 392" [_thread_blocked, id=30536, stack(0x00000000284b0000,0x00000000285b0000)]
  0x0000000021712800 JavaThread "jar transforms Thread 391" [_thread_blocked, id=23828, stack(0x00000000283b0000,0x00000000284b0000)]
  0x0000000021710000 JavaThread "jar transforms Thread 390" [_thread_blocked, id=22296, stack(0x00000000282b0000,0x00000000283b0000)]
  0x000000002170f800 JavaThread "jar transforms Thread 389" [_thread_blocked, id=39524, stack(0x00000000281b0000,0x00000000282b0000)]
  0x0000000021711000 JavaThread "jar transforms Thread 388" [_thread_blocked, id=39336, stack(0x00000000280b0000,0x00000000281b0000)]
  0x0000000021713000 JavaThread "jar transforms Thread 387" [_thread_blocked, id=16136, stack(0x0000000027fb0000,0x00000000280b0000)]
  0x000000001b877800 JavaThread "jar transforms Thread 386" [_thread_blocked, id=39480, stack(0x0000000027eb0000,0x0000000027fb0000)]
  0x000000001b870000 JavaThread "jar transforms Thread 385" [_thread_blocked, id=26440, stack(0x0000000027db0000,0x0000000027eb0000)]
  0x000000001b875800 JavaThread "jar transforms Thread 384" [_thread_blocked, id=40212, stack(0x0000000027cb0000,0x0000000027db0000)]
  0x000000001b874800 JavaThread "jar transforms Thread 383" [_thread_blocked, id=15620, stack(0x0000000027bb0000,0x0000000027cb0000)]
  0x000000001b877000 JavaThread "jar transforms Thread 382" [_thread_blocked, id=27744, stack(0x0000000027ab0000,0x0000000027bb0000)]
  0x000000001b86e000 JavaThread "jar transforms Thread 381" [_thread_blocked, id=25816, stack(0x00000000279b0000,0x0000000027ab0000)]
  0x000000001b86f800 JavaThread "jar transforms Thread 380" [_thread_blocked, id=40772, stack(0x00000000278b0000,0x00000000279b0000)]
  0x000000001b86d000 JavaThread "jar transforms Thread 379" [_thread_blocked, id=8956, stack(0x00000000277b0000,0x00000000278b0000)]
  0x000000001b874000 JavaThread "jar transforms Thread 378" [_thread_blocked, id=21628, stack(0x00000000276b0000,0x00000000277b0000)]
  0x000000001b86e800 JavaThread "jar transforms Thread 377" [_thread_blocked, id=9832, stack(0x00000000275b0000,0x00000000276b0000)]
  0x000000001b873000 JavaThread "jar transforms Thread 376" [_thread_blocked, id=27940, stack(0x00000000274b0000,0x00000000275b0000)]
  0x000000001b871000 JavaThread "jar transforms Thread 375" [_thread_blocked, id=37776, stack(0x00000000273b0000,0x00000000274b0000)]
  0x000000001b871800 JavaThread "jar transforms Thread 374" [_thread_blocked, id=12188, stack(0x00000000272b0000,0x00000000273b0000)]
  0x000000001b868800 JavaThread "jar transforms Thread 373" [_thread_blocked, id=33860, stack(0x00000000271b0000,0x00000000272b0000)]
  0x000000001b86b000 JavaThread "jar transforms Thread 372" [_thread_blocked, id=37344, stack(0x00000000270b0000,0x00000000271b0000)]
  0x000000001b86a000 JavaThread "jar transforms Thread 371" [_thread_blocked, id=11308, stack(0x0000000026fb0000,0x00000000270b0000)]
  0x000000001b869800 JavaThread "jar transforms Thread 370" [_thread_blocked, id=38948, stack(0x0000000026eb0000,0x0000000026fb0000)]
  0x000000001b86c800 JavaThread "jar transforms Thread 369" [_thread_blocked, id=22160, stack(0x0000000026db0000,0x0000000026eb0000)]
  0x0000000025676800 JavaThread "jar transforms Thread 368" [_thread_blocked, id=23140, stack(0x0000000026cb0000,0x0000000026db0000)]
  0x0000000025679000 JavaThread "jar transforms Thread 367" [_thread_blocked, id=33372, stack(0x0000000026bb0000,0x0000000026cb0000)]
  0x0000000025677800 JavaThread "jar transforms Thread 366" [_thread_blocked, id=30404, stack(0x0000000026ab0000,0x0000000026bb0000)]
  0x0000000025675000 JavaThread "jar transforms Thread 365" [_thread_blocked, id=12652, stack(0x00000000269b0000,0x0000000026ab0000)]
  0x0000000025674800 JavaThread "jar transforms Thread 364" [_thread_blocked, id=18076, stack(0x00000000268b0000,0x00000000269b0000)]
  0x0000000025676000 JavaThread "jar transforms Thread 363" [_thread_blocked, id=35200, stack(0x00000000267b0000,0x00000000268b0000)]
  0x0000000025678000 JavaThread "jar transforms Thread 362" [_thread_blocked, id=39196, stack(0x00000000266b0000,0x00000000267b0000)]
  0x0000000025679800 JavaThread "jar transforms Thread 361" [_thread_blocked, id=38984, stack(0x00000000265b0000,0x00000000266b0000)]
  0x000000002566d000 JavaThread "jar transforms Thread 360" [_thread_blocked, id=26668, stack(0x00000000264b0000,0x00000000265b0000)]
  0x0000000025673800 JavaThread "jar transforms Thread 359" [_thread_blocked, id=23548, stack(0x00000000263b0000,0x00000000264b0000)]
  0x0000000025673000 JavaThread "jar transforms Thread 358" [_thread_blocked, id=33708, stack(0x0000000025e80000,0x0000000025f80000)]
  0x000000002566b800 JavaThread "jar transforms Thread 357" [_thread_blocked, id=39660, stack(0x0000000025d80000,0x0000000025e80000)]
  0x0000000025672000 JavaThread "jar transforms Thread 356" [_thread_blocked, id=35244, stack(0x0000000025c80000,0x0000000025d80000)]
  0x0000000025670000 JavaThread "jar transforms Thread 355" [_thread_blocked, id=35792, stack(0x0000000025740000,0x0000000025840000)]
  0x000000002566f000 JavaThread "jar transforms Thread 354" [_thread_blocked, id=28500, stack(0x0000000024250000,0x0000000024350000)]
  0x000000002566c000 JavaThread "jar transforms Thread 353" [_thread_blocked, id=32212, stack(0x0000000023950000,0x0000000023a50000)]
  0x0000000025671800 JavaThread "jar transforms Thread 352" [_thread_blocked, id=37044, stack(0x0000000023450000,0x0000000023550000)]
  0x000000002566d800 JavaThread "jar transforms Thread 351" [_thread_blocked, id=16676, stack(0x0000000023350000,0x0000000023450000)]
  0x0000000025664000 JavaThread "jar transforms Thread 350" [_thread_blocked, id=40808, stack(0x0000000023250000,0x0000000023350000)]
  0x0000000025668800 JavaThread "jar transforms Thread 349" [_thread_blocked, id=40124, stack(0x0000000023150000,0x0000000023250000)]
  0x000000002566a800 JavaThread "jar transforms Thread 348" [_thread_blocked, id=40352, stack(0x0000000022d50000,0x0000000022e50000)]
  0x0000000025667800 JavaThread "jar transforms Thread 347" [_thread_blocked, id=21308, stack(0x0000000022c50000,0x0000000022d50000)]
  0x000000002566a000 JavaThread "jar transforms Thread 346" [_thread_blocked, id=19448, stack(0x0000000022b50000,0x0000000022c50000)]
  0x0000000025667000 JavaThread "jar transforms Thread 345" [_thread_blocked, id=15232, stack(0x0000000022a50000,0x0000000022b50000)]
  0x0000000025665800 JavaThread "jar transforms Thread 344" [_thread_blocked, id=34884, stack(0x0000000022950000,0x0000000022a50000)]
  0x000000002565d000 JavaThread "jar transforms Thread 343" [_thread_blocked, id=34068, stack(0x0000000022850000,0x0000000022950000)]
  0x000000002565c800 JavaThread "Build operations Thread 8" [_thread_in_Java, id=35108, stack(0x0000000022750000,0x0000000022850000)]
  0x000000002565b800 JavaThread "Build operations Thread 7" [_thread_in_Java, id=40336, stack(0x0000000022650000,0x0000000022750000)]
  0x0000000025662800 JavaThread "Build operations Thread 6" [_thread_in_Java, id=40548, stack(0x0000000022550000,0x0000000022650000)]
  0x0000000025660000 JavaThread "Build operations Thread 5" [_thread_in_Java, id=39976, stack(0x0000000022450000,0x0000000022550000)]
  0x000000002565a800 JavaThread "Build operations Thread 4" [_thread_in_Java, id=38760, stack(0x0000000022350000,0x0000000022450000)]
  0x000000002565f800 JavaThread "Build operations Thread 3" [_thread_in_Java, id=28584, stack(0x0000000021000000,0x0000000021100000)]
  0x000000002565e800 JavaThread "Build operations Thread 2" [_thread_in_native, id=11228, stack(0x0000000020f00000,0x0000000021000000)]
  0x000000002565e000 JavaThread "Build operations" [_thread_in_Java, id=14576, stack(0x0000000020e00000,0x0000000020f00000)]
  0x000000002e28d800 JavaThread "Cache worker for cache directory md-rule (C:\Users\Naman\.gradle\caches\6.5\md-rule)" [_thread_blocked, id=34048, stack(0x0000000020d00000,0x0000000020e00000)]
  0x000000002e290000 JavaThread "Cache worker for cache directory md-supplier (C:\Users\Naman\.gradle\caches\6.5\md-supplier)" [_thread_blocked, id=18364, stack(0x000000001e560000,0x000000001e660000)]
  0x000000002e28f000 JavaThread "Cache worker for checksums cache (C:\Users\Naman\AndroidStudioProjects\RetRoFiT\.gradle\checksums)" [_thread_blocked, id=20192, stack(0x000000001e260000,0x000000001e360000)]
  0x000000002e290800 JavaThread "Cache worker for file hash cache (C:\Users\Naman\AndroidStudioProjects\RetRoFiT\.gradle\6.5\fileHashes)" [_thread_blocked, id=29592, stack(0x000000001e160000,0x000000001e260000)]
  0x000000002e286000 JavaThread "Thread-504" [_thread_blocked, id=37868, stack(0x000000001e060000,0x000000001e160000)]
  0x000000002e28c000 JavaThread "Stdin handler" [_thread_blocked, id=29144, stack(0x000000001dd60000,0x000000001de60000)]
  0x000000002e284800 JavaThread "Asynchronous log dispatcher for DefaultDaemonConnection: socket connection from /127.0.0.1:64595 to /127.0.0.1:60276" [_thread_blocked, id=39020, stack(0x000000001d920000,0x000000001da20000)]
  0x000000002e28a800 JavaThread "Daemon worker Thread 4" [_thread_blocked, id=38148, stack(0x000000001d820000,0x000000001d920000)]
  0x000000002e283000 JavaThread "Cancel handler" [_thread_blocked, id=13548, stack(0x0000000000fe0000,0x00000000010e0000)]
  0x000000002e28a000 JavaThread "Handler for socket connection from /127.0.0.1:64595 to /127.0.0.1:60276" [_thread_in_native, id=36260, stack(0x0000000000ee0000,0x0000000000fe0000)]
  0x000000002e282800 JavaThread "Daemon Thread 4" [_thread_blocked, id=23012, stack(0x0000000000cd0000,0x0000000000dd0000)]
  0x0000000025669000 JavaThread "Cache worker for Java compile cache (C:\Users\Naman\.gradle\caches\6.5\javaCompile)" [_thread_blocked, id=38016, stack(0x00000000353b0000,0x00000000354b0000)]
  0x0000000025663000 JavaThread "RMI TCP Accept-0" daemon [_thread_in_native, id=34416, stack(0x00000000355b0000,0x00000000356b0000)]
  0x0000000025661800 JavaThread "RMI Scheduler(0)" daemon [_thread_blocked, id=35972, stack(0x00000000352b0000,0x00000000353b0000)]
  0x000000002175b800 JavaThread "MarlinRenderer Disposer" daemon [_thread_blocked, id=36984, stack(0x0000000033ab0000,0x0000000033bb0000)]
  0x0000000021762000 JavaThread "Java2D Disposer" daemon [_thread_blocked, id=12636, stack(0x00000000339b0000,0x0000000033ab0000)]
  0x0000000024c8b800 JavaThread "Memory manager" [_thread_blocked, id=39900, stack(0x000000002f8d0000,0x000000002f9d0000)]
  0x0000000021716000 JavaThread "Cache worker for file content cache (C:\Users\Naman\.gradle\caches\6.5\fileContent)" [_thread_blocked, id=5332, stack(0x0000000024150000,0x0000000024250000)]
  0x0000000021715800 JavaThread "Cache worker for execution history cache (C:\Users\Naman\.gradle\caches\6.5\executionHistory)" [_thread_blocked, id=29780, stack(0x0000000023c50000,0x0000000023d50000)]
  0x000000001c924800 JavaThread "Cache worker for file hash cache (C:\Users\Naman\.gradle\caches\6.5\fileHashes)" [_thread_blocked, id=3060, stack(0x000000001ea60000,0x000000001eb60000)]
  0x000000001c923800 JavaThread "File lock request listener" [_thread_in_native, id=6764, stack(0x000000001e960000,0x000000001ea60000)]
  0x000000001c65e800 JavaThread "Cache worker for journal cache (C:\Users\Naman\.gradle\caches\journal-1)" [_thread_blocked, id=28940, stack(0x000000001e860000,0x000000001e960000)]
  0x000000001c549000 JavaThread "Daemon periodic checks" [_thread_blocked, id=26480, stack(0x000000001dc60000,0x000000001dd60000)]
  0x000000001c537000 JavaThread "Incoming local TCP Connector on port 64595" [_thread_in_native, id=23448, stack(0x000000001da20000,0x000000001db20000)]
  0x000000001ab38000 JavaThread "Daemon health stats" [_thread_blocked, id=17892, stack(0x000000001d3e0000,0x000000001d4e0000)]
  0x0000000019c1a000 JavaThread "Service Thread" daemon [_thread_blocked, id=28296, stack(0x000000001a840000,0x000000001a940000)]
  0x0000000019b7c000 JavaThread "C1 CompilerThread3" daemon [_thread_in_native, id=40764, stack(0x000000001a740000,0x000000001a840000)]
=>0x0000000019b79000 JavaThread "C2 CompilerThread2" daemon [_thread_in_native, id=37880, stack(0x000000001a640000,0x000000001a740000)]
  0x0000000017d7b800 JavaThread "C2 CompilerThread1" daemon [_thread_in_native, id=36176, stack(0x000000001a540000,0x000000001a640000)]
  0x0000000019b74800 JavaThread "C2 CompilerThread0" daemon [_thread_in_native, id=9220, stack(0x000000001a440000,0x000000001a540000)]
  0x0000000019b73800 JavaThread "Attach Listener" daemon [_thread_blocked, id=39652, stack(0x000000001a340000,0x000000001a440000)]
  0x0000000019b76000 JavaThread "Signal Dispatcher" daemon [_thread_blocked, id=37460, stack(0x000000001a240000,0x000000001a340000)]
  0x0000000002cfc800 JavaThread "Finalizer" daemon [_thread_blocked, id=29752, stack(0x000000001a040000,0x000000001a140000)]
  0x0000000019b60800 JavaThread "Reference Handler" daemon [_thread_blocked, id=35656, stack(0x0000000019f40000,0x000000001a040000)]
  0x0000000002bfd800 JavaThread "main" [_thread_blocked, id=24580, stack(0x0000000002a50000,0x0000000002b50000)]

Other Threads:
  0x0000000017d68000 VMThread [stack: 0x0000000019a40000,0x0000000019b40000] [id=31872]
  0x0000000019c1a800 WatcherThread [stack: 0x000000001a940000,0x000000001aa40000] [id=2148]

VM state:not at safepoint (normal execution)

VM Mutex/Monitor currently owned by a thread: None

heap address: 0x0000000080000000, size: 2048 MB, Compressed Oops mode: 32-bit
Narrow klass base: 0x0000000000000000, Narrow klass shift: 3
Compressed class space size: 1073741824 Address: 0x0000000100000000

Heap:
 PSYoungGen      total 478208K, used 178928K [0x00000000d5580000, 0x00000000fd780000, 0x0000000100000000)
  eden space 402432K, 26% used [0x00000000d5580000,0x00000000dbef0da8,0x00000000ede80000)
  from space 75776K, 93% used [0x00000000ede80000,0x00000000f23cb4f8,0x00000000f2880000)
  to   space 86528K, 0% used [0x00000000f8300000,0x00000000f8300000,0x00000000fd780000)
 ParOldGen       total 340992K, used 78284K [0x0000000080000000, 0x0000000094d00000, 0x00000000d5580000)
  object space 340992K, 22% used [0x0000000080000000,0x0000000084c73060,0x0000000094d00000)
 Metaspace       used 123979K, capacity 129581K, committed 132684K, reserved 1165312K
  class space    used 15945K, capacity 17058K, committed 17792K, reserved 1048576K

Card table byte_map: [0x00000000120c0000,0x00000000124d0000] byte_map_base: 0x0000000011cc0000

Marking Bits: (ParMarkBitMap*) 0x000000005d82f030
 Begin Bits: [0x0000000012f80000, 0x0000000014f80000)
 End Bits:   [0x0000000014f80000, 0x0000000016f80000)

Polling page: 0x00000000029c0000

CodeCache: size=245760Kb used=72295Kb max_used=72783Kb free=173464Kb
 bounds [0x0000000002d00000, 0x0000000007520000, 0x0000000011d00000]
 total_blobs=21368 nmethods=20271 adapters=1006
 compilation: enabled

Compilation events (10 events):
Event: 10728.131 Thread 0x0000000019b7c000 nmethod 26383% 0x0000000006f51a90 code [0x0000000006f52720, 0x0000000006f5bda8]
Event: 10728.131 Thread 0x0000000019b7c000 26449 %     3       java.util.HashMap$EntrySpliterator::forEachRemaining @ 122 (183 bytes)
Event: 10728.133 Thread 0x0000000019b7c000 nmethod 26449% 0x0000000005c6a590 code [0x0000000005c6a760, 0x0000000005c6b048]
Event: 10728.133 Thread 0x0000000019b7c000 26643 %     3       java.util.AbstractCollection::removeAll @ 12 (49 bytes)
Event: 10728.133 Thread 0x0000000019b7c000 nmethod 26643% 0x00000000058aedd0 code [0x00000000058aefc0, 0x00000000058af7d8]
Event: 10728.133 Thread 0x0000000019b7c000 26502 %     3       com.android.tools.r8.ir.optimize.l::q @ 8 (468 bytes)
Event: 10728.139 Thread 0x0000000019b7c000 nmethod 26502% 0x0000000006f1fe90 code [0x0000000006f20540, 0x0000000006f25968]
Event: 10728.140 Thread 0x0000000019b7c000 26686 %     3       com.android.tools.r8.ir.regalloc.a::b @ 598 (1365 bytes)
Event: 10728.151 Thread 0x0000000019b7c000 nmethod 26686% 0x0000000006933390 code [0x0000000006934020, 0x000000000693d688]
Event: 10728.151 Thread 0x0000000019b7c000 26689       3       com.android.tools.r8.ir.regalloc.a::a (3992 bytes)

GC Heap History (10 events):
Event: 10698.589 GC heap before
{Heap before GC invocations=34 (full 6):
 PSYoungGen      total 358400K, used 296999K [0x00000000d5580000, 0x00000000f5280000, 0x0000000100000000)
  eden space 353280K, 84% used [0x00000000d5580000,0x00000000e7789fe0,0x00000000eae80000)
  from space 5120K, 0% used [0x00000000eae80000,0x00000000eae80000,0x00000000eb380000)
  to   space 83968K, 0% used [0x00000000f0080000,0x00000000f0080000,0x00000000f5280000)
 ParOldGen       total 340992K, used 48109K [0x0000000080000000, 0x0000000094d00000, 0x00000000d5580000)
  object space 340992K, 14% used [0x0000000080000000,0x0000000082efb570,0x0000000094d00000)
 Metaspace       used 122395K, capacity 127951K, committed 131404K, reserved 1163264K
  class space    used 15815K, capacity 16905K, committed 17792K, reserved 1048576K
Event: 10698.603 GC heap after
Heap after GC invocations=34 (full 6):
 PSYoungGen      total 430080K, used 15856K [0x00000000d5580000, 0x00000000f4b80000, 0x0000000100000000)
  eden space 353280K, 0% used [0x00000000d5580000,0x00000000d5580000,0x00000000eae80000)
  from space 76800K, 20% used [0x00000000f0080000,0x00000000f0ffc0e0,0x00000000f4b80000)
  to   space 80384K, 0% used [0x00000000eae80000,0x00000000eae80000,0x00000000efd00000)
 ParOldGen       total 340992K, used 48117K [0x0000000080000000, 0x0000000094d00000, 0x00000000d5580000)
  object space 340992K, 14% used [0x0000000080000000,0x0000000082efd570,0x0000000094d00000)
 Metaspace       used 122395K, capacity 127951K, committed 131404K, reserved 1163264K
  class space    used 15815K, capacity 16905K, committed 17792K, reserved 1048576K
}
Event: 10698.603 GC heap before
{Heap before GC invocations=35 (full 7):
 PSYoungGen      total 430080K, used 15856K [0x00000000d5580000, 0x00000000f4b80000, 0x0000000100000000)
  eden space 353280K, 0% used [0x00000000d5580000,0x00000000d5580000,0x00000000eae80000)
  from space 76800K, 20% used [0x00000000f0080000,0x00000000f0ffc0e0,0x00000000f4b80000)
  to   space 80384K, 0% used [0x00000000eae80000,0x00000000eae80000,0x00000000efd00000)
 ParOldGen       total 340992K, used 48117K [0x0000000080000000, 0x0000000094d00000, 0x00000000d5580000)
  object space 340992K, 14% used [0x0000000080000000,0x0000000082efd570,0x0000000094d00000)
 Metaspace       used 122395K, capacity 127951K, committed 131404K, reserved 1163264K
  class space    used 15815K, capacity 16905K, committed 17792K, reserved 1048576K
Event: 10699.070 GC heap after
Heap after GC invocations=35 (full 7):
 PSYoungGen      total 430080K, used 0K [0x00000000d5580000, 0x00000000f4b80000, 0x0000000100000000)
  eden space 353280K, 0% used [0x00000000d5580000,0x00000000d5580000,0x00000000eae80000)
  from space 76800K, 0% used [0x00000000f0080000,0x00000000f0080000,0x00000000f4b80000)
  to   space 80384K, 0% used [0x00000000eae80000,0x00000000eae80000,0x00000000efd00000)
 ParOldGen       total 340992K, used 56326K [0x0000000080000000, 0x0000000094d00000, 0x00000000d5580000)
  object space 340992K, 16% used [0x0000000080000000,0x0000000083701bb8,0x0000000094d00000)
 Metaspace       used 122000K, capacity 127243K, committed 131404K, reserved 1163264K
  class space    used 15745K, capacity 16773K, committed 17792K, reserved 1048576K
}
Event: 10717.394 GC heap before
{Heap before GC invocations=36 (full 7):
 PSYoungGen      total 430080K, used 353280K [0x00000000d5580000, 0x00000000f4b80000, 0x0000000100000000)
  eden space 353280K, 100% used [0x00000000d5580000,0x00000000eae80000,0x00000000eae80000)
  from space 76800K, 0% used [0x00000000f0080000,0x00000000f0080000,0x00000000f4b80000)
  to   space 80384K, 0% used [0x00000000eae80000,0x00000000eae80000,0x00000000efd00000)
 ParOldGen       total 340992K, used 56326K [0x0000000080000000, 0x0000000094d00000, 0x00000000d5580000)
  object space 340992K, 16% used [0x0000000080000000,0x0000000083701bb8,0x0000000094d00000)
 Metaspace       used 122625K, capacity 127935K, committed 131660K, reserved 1163264K
  class space    used 15808K, capacity 16881K, committed 17792K, reserved 1048576K
Event: 10717.609 GC heap after
Heap after GC invocations=36 (full 7):
 PSYoungGen      total 433664K, used 29012K [0x00000000d5580000, 0x00000000f7280000, 0x0000000100000000)
  eden space 353280K, 0% used [0x00000000d5580000,0x00000000d5580000,0x00000000eae80000)
  from space 80384K, 36% used [0x00000000eae80000,0x00000000ecad5188,0x00000000efd00000)
  to   space 75776K, 0% used [0x00000000f2880000,0x00000000f2880000,0x00000000f7280000)
 ParOldGen       total 340992K, used 56334K [0x0000000080000000, 0x0000000094d00000, 0x00000000d5580000)
  object space 340992K, 16% used [0x0000000080000000,0x0000000083703bb8,0x0000000094d00000)
 Metaspace       used 122625K, capacity 127935K, committed 131660K, reserved 1163264K
  class space    used 15808K, capacity 16881K, committed 17792K, reserved 1048576K
}
Event: 10720.516 GC heap before
{Heap before GC invocations=37 (full 7):
 PSYoungGen      total 433664K, used 382292K [0x00000000d5580000, 0x00000000f7280000, 0x0000000100000000)
  eden space 353280K, 100% used [0x00000000d5580000,0x00000000eae80000,0x00000000eae80000)
  from space 80384K, 36% used [0x00000000eae80000,0x00000000ecad5188,0x00000000efd00000)
  to   space 75776K, 0% used [0x00000000f2880000,0x00000000f2880000,0x00000000f7280000)
 ParOldGen       total 340992K, used 56334K [0x0000000080000000, 0x0000000094d00000, 0x00000000d5580000)
  object space 340992K, 16% used [0x0000000080000000,0x0000000083703bb8,0x0000000094d00000)
 Metaspace       used 123459K, capacity 129021K, committed 132172K, reserved 1163264K
  class space    used 15884K, capacity 16998K, committed 17792K, reserved 1048576K
Event: 10720.839 GC heap after
Heap after GC invocations=37 (full 7):
 PSYoungGen      total 478208K, used 39723K [0x00000000d5580000, 0x00000000f8380000, 0x0000000100000000)
  eden space 402432K, 0% used [0x00000000d5580000,0x00000000d5580000,0x00000000ede80000)
  from space 75776K, 52% used [0x00000000f2880000,0x00000000f4f4ac30,0x00000000f7280000)
  to   space 75776K, 0% used [0x00000000ede80000,0x00000000ede80000,0x00000000f2880000)
 ParOldGen       total 340992K, used 56342K [0x0000000080000000, 0x0000000094d00000, 0x00000000d5580000)
  object space 340992K, 16% used [0x0000000080000000,0x0000000083705bb8,0x0000000094d00000)
 Metaspace       used 123459K, capacity 129021K, committed 132172K, reserved 1163264K
  class space    used 15884K, capacity 16998K, committed 17792K, reserved 1048576K
}
Event: 10727.033 GC heap before
{Heap before GC invocations=38 (full 7):
 PSYoungGen      total 478208K, used 442155K [0x00000000d5580000, 0x00000000f8380000, 0x0000000100000000)
  eden space 402432K, 100% used [0x00000000d5580000,0x00000000ede80000,0x00000000ede80000)
  from space 75776K, 52% used [0x00000000f2880000,0x00000000f4f4ac30,0x00000000f7280000)
  to   space 75776K, 0% used [0x00000000ede80000,0x00000000ede80000,0x00000000f2880000)
 ParOldGen       total 340992K, used 56342K [0x0000000080000000, 0x0000000094d00000, 0x00000000d5580000)
  object space 340992K, 16% used [0x0000000080000000,0x0000000083705bb8,0x0000000094d00000)
 Metaspace       used 123907K, capacity 129497K, committed 132684K, reserved 1165312K
  class space    used 15930K, capacity 17054K, committed 17792K, reserved 1048576K
Event: 10727.595 GC heap after
Heap after GC invocations=38 (full 7):
 PSYoungGen      total 478208K, used 70957K [0x00000000d5580000, 0x00000000fd780000, 0x0000000100000000)
  eden space 402432K, 0% used [0x00000000d5580000,0x00000000d5580000,0x00000000ede80000)
  from space 75776K, 93% used [0x00000000ede80000,0x00000000f23cb4f8,0x00000000f2880000)
  to   space 86528K, 0% used [0x00000000f8300000,0x00000000f8300000,0x00000000fd780000)
 ParOldGen       total 340992K, used 78284K [0x0000000080000000, 0x0000000094d00000, 0x00000000d5580000)
  object space 340992K, 22% used [0x0000000080000000,0x0000000084c73060,0x0000000094d00000)
 Metaspace       used 123907K, capacity 129497K, committed 132684K, reserved 1165312K
  class space    used 15930K, capacity 17054K, committed 17792K, reserved 1048576K
}

Deoptimization events (10 events):
Event: 10727.623 Thread 0x000000002565e800 Uncommon trap: reason=unstable_if action=reinterpret pc=0x0000000003c1a288 method=com.android.tools.r8.ir.optimize.K.a(Lcom/android/tools/r8/s/b/k0;)Z @ 149
Event: 10727.682 Thread 0x000000002565f800 Uncommon trap: reason=unloaded action=reinterpret pc=0x00000000072b92f0 method=com.android.tools.r8.s.a.p.u.j()Lcom/android/tools/r8/s/a/p/i; @ 0
Event: 10727.689 Thread 0x000000002565f800 Uncommon trap: reason=bimorphic action=maybe_recompile pc=0x0000000006d41ab8 method=com.android.tools.r8.s.b.s1.a(Lcom/android/tools/r8/s/a/p/u;)Lcom/android/tools/r8/s/b/s1; @ 12
Event: 10727.690 Thread 0x000000002565f800 Uncommon trap: reason=bimorphic action=maybe_recompile pc=0x0000000006d41ab8 method=com.android.tools.r8.s.b.s1.a(Lcom/android/tools/r8/s/a/p/u;)Lcom/android/tools/r8/s/b/s1; @ 12
Event: 10727.690 Thread 0x000000002565f800 Uncommon trap: reason=bimorphic action=maybe_recompile pc=0x0000000006d41214 method=com.android.tools.r8.s.b.s1.a(Lcom/android/tools/r8/s/a/p/u;)Lcom/android/tools/r8/s/b/s1; @ 12
Event: 10727.721 Thread 0x000000002565b800 Uncommon trap: reason=class_check action=maybe_recompile pc=0x00000000055bb8a8 method=com.android.tools.r8.s.b.q.remove()V @ 109
Event: 10727.721 Thread 0x000000002565b800 Uncommon trap: reason=class_check action=maybe_recompile pc=0x00000000055bb8a8 method=com.android.tools.r8.s.b.q.remove()V @ 109
Event: 10727.721 Thread 0x000000002565b800 Uncommon trap: reason=class_check action=maybe_recompile pc=0x00000000055bb8a8 method=com.android.tools.r8.s.b.q.remove()V @ 109
Event: 10727.721 Thread 0x000000002565b800 Uncommon trap: reason=class_check action=maybe_recompile pc=0x00000000055bb8a8 method=com.android.tools.r8.s.b.q.remove()V @ 109
Event: 10727.897 Thread 0x000000002565b800 Uncommon trap: reason=unstable_if action=reinterpret pc=0x00000000046a54d8 method=com.android.tools.r8.ir.regalloc.b.g(I)Lcom/android/tools/r8/ir/regalloc/b; @ 132

Classes redefined (0 events):
No events

Internal exceptions (10 events):
Event: 10721.655 Thread 0x000000002565e000 Exception <a 'sun/nio/fs/WindowsException'> (0x00000000daf2eb40) thrown at [C:\src\AOSP-openjdk-git\hotspot\src\share\vm\prims\jni.cpp, line 710]
Event: 10721.766 Thread 0x000000002565c800 Exception <a 'sun/nio/fs/WindowsException'> (0x00000000db919a10) thrown at [C:\src\AOSP-openjdk-git\hotspot\src\share\vm\prims\jni.cpp, line 710]
Event: 10721.794 Thread 0x000000002565f800 Exception <a 'sun/nio/fs/WindowsException'> (0x00000000dc2ebf08) thrown at [C:\src\AOSP-openjdk-git\hotspot\src\share\vm\prims\jni.cpp, line 710]
Event: 10721.970 Thread 0x0000000025662800 Exception <a 'sun/nio/fs/WindowsException'> (0x00000000df20f270) thrown at [C:\src\AOSP-openjdk-git\hotspot\src\share\vm\prims\jni.cpp, line 710]
Event: 10722.087 Thread 0x000000002565a800 Exception <a 'sun/nio/fs/WindowsException'> (0x00000000e12753e0) thrown at [C:\src\AOSP-openjdk-git\hotspot\src\share\vm\prims\jni.cpp, line 710]
Event: 10722.150 Thread 0x000000002565f800 Exception <a 'sun/nio/fs/WindowsException'> (0x00000000e29b2370) thrown at [C:\src\AOSP-openjdk-git\hotspot\src\share\vm\prims\jni.cpp, line 710]
Event: 10722.311 Thread 0x000000002565a800 Exception <a 'sun/nio/fs/WindowsException'> (0x00000000e5d92958) thrown at [C:\src\AOSP-openjdk-git\hotspot\src\share\vm\prims\jni.cpp, line 710]
Event: 10722.475 Thread 0x000000002565c800 Exception <a 'sun/nio/fs/WindowsException'> (0x00000000e77361d0) thrown at [C:\src\AOSP-openjdk-git\hotspot\src\share\vm\prims\jni.cpp, line 710]
Event: 10722.731 Thread 0x0000000025662800 Exception <a 'sun/nio/fs/WindowsException'> (0x00000000e8b4a740) thrown at [C:\src\AOSP-openjdk-git\hotspot\src\share\vm\prims\jni.cpp, line 710]
Event: 10723.737 Thread 0x000000002565b800 Exception <a 'sun/nio/fs/WindowsException'> (0x00000000eaa3ca08) thrown at [C:\src\AOSP-openjdk-git\hotspot\src\share\vm\prims\jni.cpp, line 710]

Events (10 events):
Event: 10728.120 loading class com/android/tools/r8/t/a/a/a/h/Q
Event: 10728.120 loading class com/android/tools/r8/t/a/a/a/h/Q done
Event: 10728.120 loading class com/android/tools/r8/t/a/a/a/h/Q
Event: 10728.120 loading class com/android/tools/r8/t/a/a/a/h/Q done
Event: 10728.132 loading class com/android/tools/r8/ir/conversion/I
Event: 10728.132 loading class com/android/tools/r8/ir/conversion/I done
Event: 10728.136 Thread 0x000000002565f800 DEOPT PACKING pc=0x000000000350835f sp=0x00000000210fa850
Event: 10728.137 Thread 0x000000002565f800 DEOPT UNPACKING pc=0x0000000002d475d0 sp=0x00000000210fa670 mode 0
Event: 10728.140 Thread 0x000000002565e800 DEOPT PACKING pc=0x00000000071a5008 sp=0x0000000020ffa200
Event: 10728.140 Thread 0x000000002565e800 DEOPT UNPACKING pc=0x0000000002d475d0 sp=0x0000000020ffa248 mode 0


Dynamic libraries:
0x00007ff79b6b0000 - 0x00007ff79b6e1000 	C:\Program Files\Android\Android Studio\jre\bin\java.exe
0x00007ffe7d570000 - 0x00007ffe7d766000 	C:\WINDOWS\SYSTEM32\ntdll.dll
0x00007ffe7c250000 - 0x00007ffe7c30d000 	C:\WINDOWS\System32\KERNEL32.DLL
0x00007ffe7b200000 - 0x00007ffe7b4c8000 	C:\WINDOWS\System32\KERNELBASE.dll
0x00007ffe7c310000 - 0x00007ffe7c3bc000 	C:\WINDOWS\System32\ADVAPI32.dll
0x00007ffe7bab0000 - 0x00007ffe7bb4e000 	C:\WINDOWS\System32\msvcrt.dll
0x00007ffe7b890000 - 0x00007ffe7b92b000 	C:\WINDOWS\System32\sechost.dll
0x00007ffe7d3a0000 - 0x00007ffe7d4c4000 	C:\WINDOWS\System32\RPCRT4.dll
0x00007ffe7b6f0000 - 0x00007ffe7b890000 	C:\WINDOWS\System32\USER32.dll
0x00007ffe7ace0000 - 0x00007ffe7ad02000 	C:\WINDOWS\System32\win32u.dll
0x00007ffe7bbd0000 - 0x00007ffe7bbfa000 	C:\WINDOWS\System32\GDI32.dll
0x00007ffe7b0f0000 - 0x00007ffe7b1f9000 	C:\WINDOWS\System32\gdi32full.dll
0x00007ffe7b050000 - 0x00007ffe7b0ed000 	C:\WINDOWS\System32\msvcp_win.dll
0x00007ffe7b4d0000 - 0x00007ffe7b5d0000 	C:\WINDOWS\System32\ucrtbase.dll
0x00007ffe62ab0000 - 0x00007ffe62d4b000 	C:\WINDOWS\WinSxS\amd64_microsoft.windows.common-controls_6595b64144ccf1df_6.0.19041.488_none_ca04af081b815d21\COMCTL32.dll
0x00007ffe7bc30000 - 0x00007ffe7bc60000 	C:\WINDOWS\System32\IMM32.DLL
0x000000005cea0000 - 0x000000005cf72000 	C:\Program Files\Android\Android Studio\jre\jre\bin\msvcr100.dll
0x000000005d060000 - 0x000000005d8ab000 	C:\Program Files\Android\Android Studio\jre\jre\bin\server\jvm.dll
0x00007ffe7b6e0000 - 0x00007ffe7b6e8000 	C:\WINDOWS\System32\PSAPI.DLL
0x00007ffe6f500000 - 0x00007ffe6f527000 	C:\WINDOWS\SYSTEM32\WINMM.dll
0x00007ffe75020000 - 0x00007ffe75029000 	C:\WINDOWS\SYSTEM32\WSOCK32.dll
0x00007ffe703e0000 - 0x00007ffe703ea000 	C:\WINDOWS\SYSTEM32\VERSION.dll
0x00007ffe7bb50000 - 0x00007ffe7bbbb000 	C:\WINDOWS\System32\WS2_32.dll
0x00007ffe74190000 - 0x00007ffe7419f000 	C:\Program Files\Android\Android Studio\jre\jre\bin\verify.dll
0x00007ffe65150000 - 0x00007ffe65179000 	C:\Program Files\Android\Android Studio\jre\jre\bin\java.dll
0x00007ffe6e3b0000 - 0x00007ffe6e3c6000 	C:\Program Files\Android\Android Studio\jre\jre\bin\zip.dll
0x00007ffe7ca70000 - 0x00007ffe7d1b1000 	C:\WINDOWS\System32\SHELL32.dll
0x00007ffe78e00000 - 0x00007ffe79595000 	C:\WINDOWS\SYSTEM32\windows.storage.dll
0x00007ffe7bcc0000 - 0x00007ffe7c015000 	C:\WINDOWS\System32\combase.dll
0x00007ffe7a720000 - 0x00007ffe7a74c000 	C:\WINDOWS\SYSTEM32\Wldp.dll
0x00007ffe7b5d0000 - 0x00007ffe7b67e000 	C:\WINDOWS\System32\SHCORE.dll
0x00007ffe7bc60000 - 0x00007ffe7bcb5000 	C:\WINDOWS\System32\shlwapi.dll
0x00007ffe7abe0000 - 0x00007ffe7ac06000 	C:\WINDOWS\SYSTEM32\profapi.dll
0x00007ffe64030000 - 0x00007ffe6404a000 	C:\Program Files\Android\Android Studio\jre\jre\bin\net.dll
0x00007ffe7a4a0000 - 0x00007ffe7a50a000 	C:\WINDOWS\system32\mswsock.dll
0x00007ffe61900000 - 0x00007ffe61913000 	C:\Program Files\Android\Android Studio\jre\jre\bin\nio.dll
0x00007ffe689c0000 - 0x00007ffe689e7000 	C:\Users\Naman\.gradle\native\f6784746aeab05261644944871eae4fe03e0ef1612fff0a4a95f87b438bc6780\windows-amd64\native-platform.dll
0x00007ffe700f0000 - 0x00007ffe700fd000 	C:\Program Files\Android\Android Studio\jre\jre\bin\management.dll
0x00007ffe7a670000 - 0x00007ffe7a688000 	C:\WINDOWS\SYSTEM32\CRYPTSP.dll
0x00007ffe79d60000 - 0x00007ffe79d94000 	C:\WINDOWS\system32\rsaenh.dll
0x00007ffe7acb0000 - 0x00007ffe7acd7000 	C:\WINDOWS\System32\bcrypt.dll
0x00007ffe7ab60000 - 0x00007ffe7ab8e000 	C:\WINDOWS\SYSTEM32\USERENV.dll
0x00007ffe7afd0000 - 0x00007ffe7b04f000 	C:\WINDOWS\System32\bcryptprimitives.dll
0x00007ffe7a690000 - 0x00007ffe7a69c000 	C:\WINDOWS\SYSTEM32\CRYPTBASE.dll
0x00007ffe7a120000 - 0x00007ffe7a15b000 	C:\WINDOWS\SYSTEM32\IPHLPAPI.DLL
0x00007ffe7bbc0000 - 0x00007ffe7bbc8000 	C:\WINDOWS\System32\NSI.dll
0x00007ffe70fd0000 - 0x00007ffe70fe7000 	C:\WINDOWS\SYSTEM32\dhcpcsvc6.DLL
0x00007ffe73140000 - 0x00007ffe7315d000 	C:\WINDOWS\SYSTEM32\dhcpcsvc.DLL
0x00007ffe7a160000 - 0x00007ffe7a22b000 	C:\WINDOWS\SYSTEM32\DNSAPI.dll
0x00007ffe731a0000 - 0x00007ffe731ab000 	C:\WINDOWS\SYSTEM32\WINNSI.DLL
0x00007ffe4a030000 - 0x00007ffe4a1cc000 	C:\Program Files\Android\Android Studio\jre\jre\bin\awt.dll
0x00007ffe7c0a0000 - 0x00007ffe7c16d000 	C:\WINDOWS\System32\OLEAUT32.dll
0x00007ffe78910000 - 0x00007ffe7893f000 	C:\WINDOWS\SYSTEM32\dwmapi.dll
0x00007ffe76a80000 - 0x00007ffe77040000 	C:\WINDOWS\SYSTEM32\d2d1.dll
0x00007ffe782f0000 - 0x00007ffe78380000 	C:\WINDOWS\SYSTEM32\apphelp.dll
0x00007ffe78460000 - 0x00007ffe784fe000 	C:\WINDOWS\system32\uxtheme.dll
0x00007ffe6db10000 - 0x00007ffe6db2e000 	C:\Users\Naman\AppData\Local\Temp\native-platform8486792685476617813dir\native-platform.dll
0x00007ffe59ed0000 - 0x00007ffe59ef4000 	C:\Program Files\Android\Android Studio\jre\jre\bin\sunec.dll
0x00007ffe6d950000 - 0x00007ffe6d95a000 	C:\Windows\System32\rasadhlp.dll
0x00007ffe6a5b0000 - 0x00007ffe6a62f000 	C:\WINDOWS\System32\fwpuclnt.dll
0x00007ffe73040000 - 0x00007ffe7304b000 	C:\Program Files\Android\Android Studio\jre\jre\bin\sunmscapi.dll
0x00007ffe7adc0000 - 0x00007ffe7af1d000 	C:\WINDOWS\System32\CRYPT32.dll
0x00007ffe79ab0000 - 0x00007ffe79ae3000 	C:\WINDOWS\SYSTEM32\ntmarta.dll

VM Arguments:
jvm_args: -Xmx2048m -Dfile.encoding=UTF-8 -Duser.country=IN -Duser.language=en -Duser.variant 
java_command: org.gradle.launcher.daemon.bootstrap.GradleDaemon 6.5
java_class_path (initial): C:\Users\Naman\.gradle\wrapper\dists\gradle-6.5-bin\6nifqtx7604sqp1q6g8wikw7p\gradle-6.5\lib\gradle-launcher-6.5.jar
Launcher Type: SUN_STANDARD

Environment Variables:
PATH=C:\Windows\system32;C:\Windows;C:\Windows\System32\Wbem;C:\Windows\System32\WindowsPowerShell\v1.0\;C:\Windows\System32\OpenSSH\;C:\Program Files (x86)\NVIDIA Corporation\PhysX\Common;C:\Program Files\NVIDIA Corporation\NVIDIA NvDLISR;C:\WINDOWS\system32;C:\WINDOWS;C:\WINDOWS\System32\Wbem;C:\WINDOWS\System32\WindowsPowerShell\v1.0\;C:\WINDOWS\System32\OpenSSH\;C:\Program Files\Git\cmd;C:\Program Files\nodejs\;C:\Program Files\Microsoft VS Code\bin;C:\Users\Naman\AppData\Local\Programs\Python\Python39\Scripts\;C:\Users\Naman\AppData\Local\Programs\Python\Python39\;C:\Users\Naman\anaconda3;C:\Users\Naman\anaconda3\Library\mingw-w64\bin;C:\Users\Naman\anaconda3\Library\usr\bin;C:\Users\Naman\anaconda3\Library\bin;C:\Users\Naman\anaconda3\Scripts;C:\Users\Naman\AppData\Local\Microsoft\WindowsApps;C:\Users\Naman\AppData\Roaming\npm
USERNAME=Naman
OS=Windows_NT
PROCESSOR_IDENTIFIER=Intel64 Family 6 Model 158 Stepping 10, GenuineIntel



---------------  S Y S T E M  ---------------

OS: Windows 10.0 , 64 bit Build 19041 (10.0.19041.546)

CPU:total 8 (initial active 8) (4 cores per cpu, 2 threads per core) family 6 model 158 stepping 10, cmov, cx8, fxsr, mmx, sse, sse2, sse3, ssse3, sse4.1, sse4.2, popcnt, avx, avx2, aes, clmul, erms, 3dnowpref, lzcnt, ht, tsc, tscinvbit, bmi1, bmi2, adx

Memory: 4k page, physical 8306932k(75964k free), swap 33472756k(5544k free)

vm_info: OpenJDK 64-Bit Server VM (25.242-b01) for windows-amd64 JRE (1.8.0_242-release-1644-b01), built by "builder" with MS VC++ 10.0 (VS2010)

time: Wed Dec 09 23:11:33 2020
timezone: India Standard Time
elapsed time: 10728 seconds (0d 2h 58m 48s)

